[2020-01-10T11:12:33.185703+02:00] minfin.INFO: summary/ [] []
[2020-01-10T11:12:48.294104+02:00] minfin.INFO: summary/ [] []
[2020-01-10T11:13:00.048475+02:00] minfin.INFO: summary/ [] []
[2020-01-11T23:10:45.598406+02:00] minfin.INFO: summary/ [] []
[2020-01-11T23:10:45.787190+02:00] minfin.INFO: nbu/ [] []
[2020-01-11T23:10:45.870830+02:00] minfin.INFO: mb/ [] []
[2020-01-11T23:18:18.835336+02:00] minfin.INFO: summary/ [] []
[2020-01-11T23:18:18.966675+02:00] minfin.INFO: nbu/ [] []
[2020-01-11T23:18:19.052852+02:00] minfin.INFO: mb/ [] []
[2020-01-11T23:30:13.203869+02:00] minfin.INFO: summary/ [] []
[2020-01-11T23:30:13.454755+02:00] minfin.INFO: nbu/ [] []
[2020-01-11T23:30:13.545911+02:00] minfin.INFO: mb/ [] []
[2020-01-11T23:42:52.863175+02:00] minfin.INFO: summary/ [] []
[2020-01-11T23:42:53.508793+02:00] minfin.INFO: nbu/ [] []
[2020-01-11T23:42:53.595455+02:00] minfin.INFO: mb/ [] []
[2020-01-12T00:01:54.766519+02:00] minfin.INFO: summary/ [] []
[2020-01-12T00:01:54.895774+02:00] minfin.INFO: nbu/ [] []
[2020-01-12T00:01:55.009762+02:00] minfin.INFO: mb/ [] []
[2020-01-12T00:09:34.681242+02:00] minfin.INFO: summary/ [] []
[2020-01-12T00:09:34.817157+02:00] minfin.INFO: nbu/ [] []
[2020-01-12T00:09:34.905717+02:00] minfin.INFO: mb/ [] []
[2020-01-12T00:20:10.840767+02:00] minfin.INFO: summary/ [] []
[2020-01-12T00:20:10.984969+02:00] minfin.INFO: nbu/ [] []
[2020-01-12T00:20:11.069893+02:00] minfin.INFO: mb/ [] []
[2020-01-12T00:24:28.069364+02:00] minfin.INFO: summary/ [] []
[2020-01-12T00:24:28.201334+02:00] minfin.INFO: nbu/ [] []
[2020-01-12T00:24:28.303594+02:00] minfin.INFO: mb/ [] []
[2020-01-12T00:26:03.415012+02:00] minfin.INFO: summary/ [] []
[2020-01-12T00:26:03.530431+02:00] minfin.INFO: nbu/ [] []
[2020-01-12T00:26:03.611888+02:00] minfin.INFO: mb/ [] []
[2020-01-12T00:38:27.743221+02:00] minfin.INFO: CurrencyUaBot\Currency\Api\Minfin::banks [] []
[2020-01-12T00:38:28.380297+02:00] minfin.INFO: CurrencyUaBot\Currency\Api\Minfin::nbu [] []
[2020-01-12T00:38:28.468196+02:00] minfin.INFO: CurrencyUaBot\Currency\Api\Minfin::megbank [] []
[2020-01-12T00:42:10.907602+02:00] minfin.INFO: Minfin::banks [] []
[2020-01-12T00:42:11.033878+02:00] minfin.INFO: Minfin::nbu [] []
[2020-01-12T00:42:11.119648+02:00] minfin.INFO: Minfin::megbank [] []
[2020-01-12T00:46:15.439196+02:00] minfin.INFO: Minfin::banks [] []
[2020-01-12T00:46:15.572150+02:00] minfin.INFO: Minfin::nbu [] []
[2020-01-12T00:46:15.653590+02:00] minfin.INFO: Minfin::megbank [] []
